<?xml version="1.0" encoding="UTF-8"?>
<!-- Generated by org.testng.reporters.JUnitXMLReporter -->
<testsuite hostname="ROSYs-MacBook-Air.local" ignored="0" name="Default test" tests="6" failures="0" timestamp="14 Aug 2020 03:04:56 GMT" time="21.929" errors="0">
  <testcase name="test_shouldDisplayText_whenUserInLandingPage" time="0.053" classname="TestCases.TestRecipesPage"/>
  <testcase name="test_shouldDisplayRecipesList_whenUserInLandingPage" time="0.414" classname="TestCases.TestRecipesPage"/>
  <testcase name="test_shouldAddNewRecipe_whenCorrectValuesEntered" time="0.832" classname="TestCases.TestRecipesPage"/>
  <testcase name="test_shouldAddMultipleNewRecipes_whenCorrectValuesEnteredOneAfterAnother" time="0.836" classname="TestCases.TestRecipesPage"/>
  <testcase name="test_shouldAddMultipleNewRecipes_whenCorrectValuesEnteredOneAfterAnother" time="0.799" classname="TestCases.TestRecipesPage"/>
  <testcase name="test_shouldAddMultipleNewRecipes_whenCorrectValuesEnteredOneAfterAnother" time="0.791" classname="TestCases.TestRecipesPage"/>
</testsuite> <!-- Default test -->
