<?xml version="1.0" encoding="UTF-8"?>
<testng-results skipped="0" failed="0" ignored="0" total="6" passed="6">
  <reporter-output>
  </reporter-output>
  <suite name="Default suite" duration-ms="21929" started-at="2020-08-14T03:04:34Z" finished-at="2020-08-14T03:04:56Z">
    <groups>
    </groups>
    <test name="Default test" duration-ms="21929" started-at="2020-08-14T03:04:34Z" finished-at="2020-08-14T03:04:56Z">
      <class name="TestCases.TestRecipesPage">
        <test-method status="PASS" signature="beforeClass()[pri:0, instance:TestCases.TestRecipesPage@63475ace]" name="beforeClass" is-config="true" duration-ms="3599" started-at="2020-08-13T20:04:34Z" finished-at="2020-08-13T20:04:38Z">
          <reporter-output>
          </reporter-output>
        </test-method> <!-- beforeClass -->
        <test-method status="PASS" signature="test_shouldDisplayText_whenUserInLandingPage()[pri:1, instance:TestCases.TestRecipesPage@63475ace]" name="test_shouldDisplayText_whenUserInLandingPage" duration-ms="53" started-at="2020-08-13T20:04:38Z" finished-at="2020-08-13T20:04:38Z">
          <reporter-output>
          </reporter-output>
        </test-method> <!-- test_shouldDisplayText_whenUserInLandingPage -->
        <test-method status="PASS" signature="afterClass()[pri:0, instance:TestCases.TestRecipesPage@63475ace]" name="afterClass" is-config="true" duration-ms="150" started-at="2020-08-13T20:04:38Z" finished-at="2020-08-13T20:04:38Z">
          <reporter-output>
          </reporter-output>
        </test-method> <!-- afterClass -->
        <test-method status="PASS" signature="beforeClass()[pri:0, instance:TestCases.TestRecipesPage@63475ace]" name="beforeClass" is-config="true" duration-ms="2540" started-at="2020-08-13T20:04:38Z" finished-at="2020-08-13T20:04:41Z">
          <reporter-output>
          </reporter-output>
        </test-method> <!-- beforeClass -->
        <test-method status="PASS" signature="test_shouldDisplayRecipesList_whenUserInLandingPage()[pri:2, instance:TestCases.TestRecipesPage@63475ace]" name="test_shouldDisplayRecipesList_whenUserInLandingPage" duration-ms="414" started-at="2020-08-13T20:04:41Z" finished-at="2020-08-13T20:04:41Z">
          <reporter-output>
          </reporter-output>
        </test-method> <!-- test_shouldDisplayRecipesList_whenUserInLandingPage -->
        <test-method status="PASS" signature="afterClass()[pri:0, instance:TestCases.TestRecipesPage@63475ace]" name="afterClass" is-config="true" duration-ms="184" started-at="2020-08-13T20:04:41Z" finished-at="2020-08-13T20:04:41Z">
          <reporter-output>
          </reporter-output>
        </test-method> <!-- afterClass -->
        <test-method status="PASS" signature="beforeClass()[pri:0, instance:TestCases.TestRecipesPage@63475ace]" name="beforeClass" is-config="true" duration-ms="2416" started-at="2020-08-13T20:04:41Z" finished-at="2020-08-13T20:04:44Z">
          <reporter-output>
          </reporter-output>
        </test-method> <!-- beforeClass -->
        <test-method status="PASS" signature="test_shouldAddNewRecipe_whenCorrectValuesEntered()[pri:3, instance:TestCases.TestRecipesPage@63475ace]" name="test_shouldAddNewRecipe_whenCorrectValuesEntered" duration-ms="832" started-at="2020-08-13T20:04:44Z" finished-at="2020-08-13T20:04:44Z">
          <reporter-output>
          </reporter-output>
        </test-method> <!-- test_shouldAddNewRecipe_whenCorrectValuesEntered -->
        <test-method status="PASS" signature="afterClass()[pri:0, instance:TestCases.TestRecipesPage@63475ace]" name="afterClass" is-config="true" duration-ms="127" started-at="2020-08-13T20:04:44Z" finished-at="2020-08-13T20:04:45Z">
          <reporter-output>
          </reporter-output>
        </test-method> <!-- afterClass -->
        <test-method status="PASS" signature="beforeClass()[pri:0, instance:TestCases.TestRecipesPage@63475ace]" name="beforeClass" is-config="true" duration-ms="2717" started-at="2020-08-13T20:04:45Z" finished-at="2020-08-13T20:04:48Z">
          <reporter-output>
          </reporter-output>
        </test-method> <!-- beforeClass -->
        <test-method status="PASS" signature="test_shouldAddMultipleNewRecipes_whenCorrectValuesEnteredOneAfterAnother(java.lang.String, java.lang.String, java.lang.String)[pri:4, instance:TestCases.TestRecipesPage@63475ace]" name="test_shouldAddMultipleNewRecipes_whenCorrectValuesEnteredOneAfterAnother" duration-ms="836" started-at="2020-08-13T20:04:48Z" data-provider="getTestDataForNewRecipe" finished-at="2020-08-13T20:04:49Z">
          <params>
            <param index="0">
              <value>
                <![CDATA[Chicken Momo]]>
              </value>
            </param>
            <param index="1">
              <value>
                <![CDATA[dummy chickn momo url]]>
              </value>
            </param>
            <param index="2">
              <value>
                <![CDATA[Delicious Nepali Cuisine.]]>
              </value>
            </param>
          </params>
          <reporter-output>
          </reporter-output>
        </test-method> <!-- test_shouldAddMultipleNewRecipes_whenCorrectValuesEnteredOneAfterAnother -->
        <test-method status="PASS" signature="afterClass()[pri:0, instance:TestCases.TestRecipesPage@63475ace]" name="afterClass" is-config="true" duration-ms="190" started-at="2020-08-13T20:04:49Z" finished-at="2020-08-13T20:04:49Z">
          <reporter-output>
          </reporter-output>
        </test-method> <!-- afterClass -->
        <test-method status="PASS" signature="beforeClass()[pri:0, instance:TestCases.TestRecipesPage@63475ace]" name="beforeClass" is-config="true" duration-ms="2573" started-at="2020-08-13T20:04:49Z" finished-at="2020-08-13T20:04:52Z">
          <reporter-output>
          </reporter-output>
        </test-method> <!-- beforeClass -->
        <test-method status="PASS" signature="test_shouldAddMultipleNewRecipes_whenCorrectValuesEnteredOneAfterAnother(java.lang.String, java.lang.String, java.lang.String)[pri:4, instance:TestCases.TestRecipesPage@63475ace]" name="test_shouldAddMultipleNewRecipes_whenCorrectValuesEnteredOneAfterAnother" duration-ms="799" started-at="2020-08-13T20:04:52Z" data-provider="getTestDataForNewRecipe" finished-at="2020-08-13T20:04:52Z">
          <params>
            <param index="0">
              <value>
                <![CDATA[Shish Kabob]]>
              </value>
            </param>
            <param index="1">
              <value>
                <![CDATA[dummy shish kabob url]]>
              </value>
            </param>
            <param index="2">
              <value>
                <![CDATA[smokey Turkish bbq.]]>
              </value>
            </param>
          </params>
          <reporter-output>
          </reporter-output>
        </test-method> <!-- test_shouldAddMultipleNewRecipes_whenCorrectValuesEnteredOneAfterAnother -->
        <test-method status="PASS" signature="afterClass()[pri:0, instance:TestCases.TestRecipesPage@63475ace]" name="afterClass" is-config="true" duration-ms="156" started-at="2020-08-13T20:04:52Z" finished-at="2020-08-13T20:04:53Z">
          <reporter-output>
          </reporter-output>
        </test-method> <!-- afterClass -->
        <test-method status="PASS" signature="beforeClass()[pri:0, instance:TestCases.TestRecipesPage@63475ace]" name="beforeClass" is-config="true" duration-ms="2585" started-at="2020-08-13T20:04:53Z" finished-at="2020-08-13T20:04:55Z">
          <reporter-output>
          </reporter-output>
        </test-method> <!-- beforeClass -->
        <test-method status="PASS" signature="test_shouldAddMultipleNewRecipes_whenCorrectValuesEnteredOneAfterAnother(java.lang.String, java.lang.String, java.lang.String)[pri:4, instance:TestCases.TestRecipesPage@63475ace]" name="test_shouldAddMultipleNewRecipes_whenCorrectValuesEnteredOneAfterAnother" duration-ms="791" started-at="2020-08-13T20:04:55Z" data-provider="getTestDataForNewRecipe" finished-at="2020-08-13T20:04:56Z">
          <params>
            <param index="0">
              <value>
                <![CDATA[Biryani]]>
              </value>
            </param>
            <param index="1">
              <value>
                <![CDATA[dummy biryani url]]>
              </value>
            </param>
            <param index="2">
              <value>
                <![CDATA[Flavour packed indian dish.]]>
              </value>
            </param>
          </params>
          <reporter-output>
          </reporter-output>
        </test-method> <!-- test_shouldAddMultipleNewRecipes_whenCorrectValuesEnteredOneAfterAnother -->
        <test-method status="PASS" signature="afterClass()[pri:0, instance:TestCases.TestRecipesPage@63475ace]" name="afterClass" is-config="true" duration-ms="174" started-at="2020-08-13T20:04:56Z" finished-at="2020-08-13T20:04:56Z">
          <reporter-output>
          </reporter-output>
        </test-method> <!-- afterClass -->
      </class> <!-- TestCases.TestRecipesPage -->
    </test> <!-- Default test -->
  </suite> <!-- Default suite -->
</testng-results>
